Analysis & Synthesis report for project
Fri Aug 17 14:02:00 2018
Quartus Prime Version 18.0.0 Build 614 04/24/2018 SJ Lite Edition


---------------------
; Table of Contents ;
---------------------
  1. Legal Notice
  2. Analysis & Synthesis Summary
  3. Analysis & Synthesis Settings
  4. Parallel Compilation
  5. Analysis & Synthesis Source Files Read
  6. Analysis & Synthesis Resource Usage Summary
  7. Analysis & Synthesis Resource Utilization by Entity
  8. General Register Statistics
  9. Post-Synthesis Netlist Statistics for Top Partition
 10. Elapsed Time Per Partition
 11. Analysis & Synthesis Messages
 12. Analysis & Synthesis Suppressed Messages



----------------
; Legal Notice ;
----------------
Copyright (C) 2018  Intel Corporation. All rights reserved.
Your use of Intel Corporation's design tools, logic functions 
and other software and tools, and its AMPP partner logic 
functions, and any output files from any of the foregoing 
(including device programming or simulation files), and any 
associated documentation or information are expressly subject 
to the terms and conditions of the Intel Program License 
Subscription Agreement, the Intel Quartus Prime License Agreement,
the Intel FPGA IP License Agreement, or other applicable license
agreement, including, without limitation, that your use is for
the sole purpose of programming logic devices manufactured by
Intel and sold by Intel or its authorized distributors.  Please
refer to the applicable agreement for further details.



+----------------------------------------------------------------------------------+
; Analysis & Synthesis Summary                                                     ;
+------------------------------------+---------------------------------------------+
; Analysis & Synthesis Status        ; Successful - Fri Aug 17 14:02:00 2018       ;
; Quartus Prime Version              ; 18.0.0 Build 614 04/24/2018 SJ Lite Edition ;
; Revision Name                      ; project                                     ;
; Top-level Entity Name              ; MiniProject                                 ;
; Family                             ; Cyclone IV GX                               ;
; Total logic elements               ; 33                                          ;
;     Total combinational functions  ; 33                                          ;
;     Dedicated logic registers      ; 0                                           ;
; Total registers                    ; 0                                           ;
; Total pins                         ; 44                                          ;
; Total virtual pins                 ; 0                                           ;
; Total memory bits                  ; 0                                           ;
; Embedded Multiplier 9-bit elements ; 0                                           ;
; Total GXB Receiver Channel PCS     ; 0                                           ;
; Total GXB Receiver Channel PMA     ; 0                                           ;
; Total GXB Transmitter Channel PCS  ; 0                                           ;
; Total GXB Transmitter Channel PMA  ; 0                                           ;
; Total PLLs                         ; 0                                           ;
+------------------------------------+---------------------------------------------+


+------------------------------------------------------------------------------------------------------------+
; Analysis & Synthesis Settings                                                                              ;
+------------------------------------------------------------------+--------------------+--------------------+
; Option                                                           ; Setting            ; Default Value      ;
+------------------------------------------------------------------+--------------------+--------------------+
; Device                                                           ; EP4CGX150DF31C7    ;                    ;
; Top-level entity name                                            ; MiniProject        ; project            ;
; Family name                                                      ; Cyclone IV GX      ; Cyclone V          ;
; Use smart compilation                                            ; Off                ; Off                ;
; Enable parallel Assembler and Timing Analyzer during compilation ; On                 ; On                 ;
; Enable compact report table                                      ; Off                ; Off                ;
; Restructure Multiplexers                                         ; Auto               ; Auto               ;
; Create Debugging Nodes for IP Cores                              ; Off                ; Off                ;
; Preserve fewer node names                                        ; On                 ; On                 ;
; Intel FPGA IP Evaluation Mode                                    ; Enable             ; Enable             ;
; Verilog Version                                                  ; Verilog_2001       ; Verilog_2001       ;
; VHDL Version                                                     ; VHDL_1993          ; VHDL_1993          ;
; State Machine Processing                                         ; Auto               ; Auto               ;
; Safe State Machine                                               ; Off                ; Off                ;
; Extract Verilog State Machines                                   ; On                 ; On                 ;
; Extract VHDL State Machines                                      ; On                 ; On                 ;
; Ignore Verilog initial constructs                                ; Off                ; Off                ;
; Iteration limit for constant Verilog loops                       ; 5000               ; 5000               ;
; Iteration limit for non-constant Verilog loops                   ; 250                ; 250                ;
; Add Pass-Through Logic to Inferred RAMs                          ; On                 ; On                 ;
; Infer RAMs from Raw Logic                                        ; On                 ; On                 ;
; Parallel Synthesis                                               ; On                 ; On                 ;
; DSP Block Balancing                                              ; Auto               ; Auto               ;
; NOT Gate Push-Back                                               ; On                 ; On                 ;
; Power-Up Don't Care                                              ; On                 ; On                 ;
; Remove Redundant Logic Cells                                     ; Off                ; Off                ;
; Remove Duplicate Registers                                       ; On                 ; On                 ;
; Ignore CARRY Buffers                                             ; Off                ; Off                ;
; Ignore CASCADE Buffers                                           ; Off                ; Off                ;
; Ignore GLOBAL Buffers                                            ; Off                ; Off                ;
; Ignore ROW GLOBAL Buffers                                        ; Off                ; Off                ;
; Ignore LCELL Buffers                                             ; Off                ; Off                ;
; Ignore SOFT Buffers                                              ; On                 ; On                 ;
; Limit AHDL Integers to 32 Bits                                   ; Off                ; Off                ;
; Optimization Technique                                           ; Balanced           ; Balanced           ;
; Carry Chain Length                                               ; 70                 ; 70                 ;
; Auto Carry Chains                                                ; On                 ; On                 ;
; Auto Open-Drain Pins                                             ; On                 ; On                 ;
; Perform WYSIWYG Primitive Resynthesis                            ; Off                ; Off                ;
; Auto ROM Replacement                                             ; On                 ; On                 ;
; Auto RAM Replacement                                             ; On                 ; On                 ;
; Auto DSP Block Replacement                                       ; On                 ; On                 ;
; Auto Shift Register Replacement                                  ; Auto               ; Auto               ;
; Allow Shift Register Merging across Hierarchies                  ; Auto               ; Auto               ;
; Auto Clock Enable Replacement                                    ; On                 ; On                 ;
; Strict RAM Replacement                                           ; Off                ; Off                ;
; Allow Synchronous Control Signals                                ; On                 ; On                 ;
; Force Use of Synchronous Clear Signals                           ; Off                ; Off                ;
; Auto RAM Block Balancing                                         ; On                 ; On                 ;
; Auto RAM to Logic Cell Conversion                                ; Off                ; Off                ;
; Auto Resource Sharing                                            ; Off                ; Off                ;
; Allow Any RAM Size For Recognition                               ; Off                ; Off                ;
; Allow Any ROM Size For Recognition                               ; Off                ; Off                ;
; Allow Any Shift Register Size For Recognition                    ; Off                ; Off                ;
; Use LogicLock Constraints during Resource Balancing              ; On                 ; On                 ;
; Ignore translate_off and synthesis_off directives                ; Off                ; Off                ;
; Timing-Driven Synthesis                                          ; On                 ; On                 ;
; Report Parameter Settings                                        ; On                 ; On                 ;
; Report Source Assignments                                        ; On                 ; On                 ;
; Report Connectivity Checks                                       ; On                 ; On                 ;
; Ignore Maximum Fan-Out Assignments                               ; Off                ; Off                ;
; Synchronization Register Chain Length                            ; 2                  ; 2                  ;
; Power Optimization During Synthesis                              ; Normal compilation ; Normal compilation ;
; HDL message level                                                ; Level2             ; Level2             ;
; Suppress Register Optimization Related Messages                  ; Off                ; Off                ;
; Number of Removed Registers Reported in Synthesis Report         ; 5000               ; 5000               ;
; Number of Swept Nodes Reported in Synthesis Report               ; 5000               ; 5000               ;
; Number of Inverted Registers Reported in Synthesis Report        ; 100                ; 100                ;
; Clock MUX Protection                                             ; On                 ; On                 ;
; Auto Gated Clock Conversion                                      ; Off                ; Off                ;
; Block Design Naming                                              ; Auto               ; Auto               ;
; SDC constraint protection                                        ; Off                ; Off                ;
; Synthesis Effort                                                 ; Auto               ; Auto               ;
; Shift Register Replacement - Allow Asynchronous Clear Signal     ; On                 ; On                 ;
; Pre-Mapping Resynthesis Optimization                             ; Off                ; Off                ;
; Analysis & Synthesis Message Level                               ; Medium             ; Medium             ;
; Disable Register Merging Across Hierarchies                      ; Auto               ; Auto               ;
; Resource Aware Inference For Block RAM                           ; On                 ; On                 ;
+------------------------------------------------------------------+--------------------+--------------------+


+------------------------------------------+
; Parallel Compilation                     ;
+----------------------------+-------------+
; Processors                 ; Number      ;
+----------------------------+-------------+
; Number detected on machine ; 4           ;
; Maximum allowed            ; 2           ;
;                            ;             ;
; Average used               ; 1.00        ;
; Maximum used               ; 1           ;
;                            ;             ;
; Usage by Processor         ; % Time Used ;
;     Processor 1            ; 100.0%      ;
+----------------------------+-------------+


+----------------------------------------------------------------------------------------------------------------------------------------------------------------------------------------------------------------+
; Analysis & Synthesis Source Files Read                                                                                                                                                                         ;
+----------------------------------+-----------------+------------------------------------+------------------------------------------------------------------------------------------------------------+---------+
; File Name with User-Entered Path ; Used in Netlist ; File Type                          ; File Name with Absolute Path                                                                               ; Library ;
+----------------------------------+-----------------+------------------------------------+------------------------------------------------------------------------------------------------------------+---------+
; bintoBCD.v                       ; yes             ; User Verilog HDL File              ; C:/Users/dangn/Documents/education/introduce-to-computing/digital-system-mini-project/main/bintoBCD.v      ;         ;
; countdown.v                      ; yes             ; User Verilog HDL File              ; C:/Users/dangn/Documents/education/introduce-to-computing/digital-system-mini-project/main/countdown.v     ;         ;
; IC7447.v                         ; yes             ; User Verilog HDL File              ; C:/Users/dangn/Documents/education/introduce-to-computing/digital-system-mini-project/main/IC7447.v        ;         ;
; setTime.v                        ; yes             ; User Verilog HDL File              ; C:/Users/dangn/Documents/education/introduce-to-computing/digital-system-mini-project/main/setTime.v       ;         ;
; Time.v                           ; yes             ; User Verilog HDL File              ; C:/Users/dangn/Documents/education/introduce-to-computing/digital-system-mini-project/main/Time.v          ;         ;
; toLEDR.v                         ; yes             ; User Verilog HDL File              ; C:/Users/dangn/Documents/education/introduce-to-computing/digital-system-mini-project/main/toLEDR.v        ;         ;
; MiniProject.bdf                  ; yes             ; User Block Diagram/Schematic File  ; C:/Users/dangn/Documents/education/introduce-to-computing/digital-system-mini-project/main/MiniProject.bdf ;         ;
+----------------------------------+-----------------+------------------------------------+------------------------------------------------------------------------------------------------------------+---------+


+---------------------------------------------+
; Analysis & Synthesis Resource Usage Summary ;
+--------------------------+------------------+
; Resource                 ; Usage            ;
+--------------------------+------------------+
; I/O pins                 ; 44               ;
;                          ;                  ;
; DSP block 9-bit elements ; 0                ;
;                          ;                  ;
; Maximum fan-out node     ; SW17~input       ;
; Maximum fan-out          ; 27               ;
; Total fan-out            ; 184              ;
; Average fan-out          ; 1.52             ;
+--------------------------+------------------+


+------------------------------------------------------------------------------------------------------------------------------------------------------------------------------------------------------------------------------+
; Analysis & Synthesis Resource Utilization by Entity                                                                                                                                                                          ;
+----------------------------+---------------------+---------------------------+-------------+--------------+---------+-----------+-----------+------+--------------+-----------------------------+-------------+--------------+
; Compilation Hierarchy Node ; Combinational ALUTs ; Dedicated Logic Registers ; Memory Bits ; DSP Elements ; DSP 9x9 ; DSP 18x18 ; DSP 36x36 ; Pins ; Virtual Pins ; Full Hierarchy Name         ; Entity Name ; Library Name ;
+----------------------------+---------------------+---------------------------+-------------+--------------+---------+-----------+-----------+------+--------------+-----------------------------+-------------+--------------+
; |MiniProject               ; 33 (0)              ; 0 (0)                     ; 0           ; 0            ; 0       ; 0         ; 0         ; 44   ; 0            ; |MiniProject                ; MiniProject ; work         ;
;    |IC7447:inst6|          ; 10 (10)             ; 0 (0)                     ; 0           ; 0            ; 0       ; 0         ; 0         ; 0    ; 0            ; |MiniProject|IC7447:inst6   ; IC7447      ; work         ;
;    |IC7447:inst9|          ; 14 (14)             ; 0 (0)                     ; 0           ; 0            ; 0       ; 0         ; 0         ; 0    ; 0            ; |MiniProject|IC7447:inst9   ; IC7447      ; work         ;
;    |bintoBCD:inst2|        ; 9 (9)               ; 0 (0)                     ; 0           ; 0            ; 0       ; 0         ; 0         ; 0    ; 0            ; |MiniProject|bintoBCD:inst2 ; bintoBCD    ; work         ;
+----------------------------+---------------------+---------------------------+-------------+--------------+---------+-----------+-----------+------+--------------+-----------------------------+-------------+--------------+
Note: For table entries with two numbers listed, the numbers in parentheses indicate the number of resources of the given type used by the specific entity alone. The numbers listed outside of parentheses indicate the total resources of the given type used by the specific entity and all of its sub-entities in the hierarchy.


+------------------------------------------------------+
; General Register Statistics                          ;
+----------------------------------------------+-------+
; Statistic                                    ; Value ;
+----------------------------------------------+-------+
; Total registers                              ; 0     ;
; Number of registers using Synchronous Clear  ; 0     ;
; Number of registers using Synchronous Load   ; 0     ;
; Number of registers using Asynchronous Clear ; 0     ;
; Number of registers using Asynchronous Load  ; 0     ;
; Number of registers using Clock Enable       ; 0     ;
; Number of registers using Preset             ; 0     ;
+----------------------------------------------+-------+


+-----------------------------------------------------+
; Post-Synthesis Netlist Statistics for Top Partition ;
+-----------------------+-----------------------------+
; Type                  ; Count                       ;
+-----------------------+-----------------------------+
; boundary_port         ; 44                          ;
; cycloneiii_lcell_comb ; 42                          ;
;     normal            ; 42                          ;
;         0 data inputs ; 2                           ;
;         1 data inputs ; 7                           ;
;         2 data inputs ; 8                           ;
;         3 data inputs ; 3                           ;
;         4 data inputs ; 22                          ;
;                       ;                             ;
; Max LUT depth         ; 4.00                        ;
; Average LUT depth     ; 3.43                        ;
+-----------------------+-----------------------------+


+-------------------------------+
; Elapsed Time Per Partition    ;
+----------------+--------------+
; Partition Name ; Elapsed Time ;
+----------------+--------------+
; Top            ; 00:00:00     ;
+----------------+--------------+


+-------------------------------+
; Analysis & Synthesis Messages ;
+-------------------------------+
Info: *******************************************************************
Info: Running Quartus Prime Analysis & Synthesis
    Info: Version 18.0.0 Build 614 04/24/2018 SJ Lite Edition
    Info: Processing started: Fri Aug 17 14:01:46 2018
Info: Command: quartus_map --read_settings_files=on --write_settings_files=off project -c project
Warning (18236): Number of processors has not been specified which may cause overloading on shared machines.  Set the global assignment NUM_PARALLEL_PROCESSORS in your QSF to an appropriate value for best performance.
Info (20030): Parallel compilation is enabled and will use 2 of the 2 processors detected
Info (12021): Found 1 design units, including 1 entities, in source file bintobcd.v
    Info (12023): Found entity 1: bintoBCD File: C:/Users/dangn/Documents/education/introduce-to-computing/digital-system-mini-project/main/bintoBCD.v Line: 1
Info (12021): Found 1 design units, including 1 entities, in source file countdown.v
    Info (12023): Found entity 1: countdown File: C:/Users/dangn/Documents/education/introduce-to-computing/digital-system-mini-project/main/countdown.v Line: 1
Info (12021): Found 1 design units, including 1 entities, in source file ic7447.v
    Info (12023): Found entity 1: IC7447 File: C:/Users/dangn/Documents/education/introduce-to-computing/digital-system-mini-project/main/IC7447.v Line: 1
Info (12021): Found 1 design units, including 1 entities, in source file settime.v
    Info (12023): Found entity 1: setTime File: C:/Users/dangn/Documents/education/introduce-to-computing/digital-system-mini-project/main/setTime.v Line: 1
Info (12021): Found 1 design units, including 1 entities, in source file time.v
    Info (12023): Found entity 1: Time File: C:/Users/dangn/Documents/education/introduce-to-computing/digital-system-mini-project/main/Time.v Line: 1
Info (12021): Found 1 design units, including 1 entities, in source file toledr.v
    Info (12023): Found entity 1: toLEDR File: C:/Users/dangn/Documents/education/introduce-to-computing/digital-system-mini-project/main/toLEDR.v Line: 1
Info (12021): Found 1 design units, including 1 entities, in source file miniproject.bdf
    Info (12023): Found entity 1: MiniProject
Info (12127): Elaborating entity "MiniProject" for the top level hierarchy
Warning (275089): Not all bits in bus "SW[17..0]" are used
Warning (275080): Converted elements in bus name "SW" using legacy naming rules. Make any assignments on the new names, not on the original names.
    Warning (275081): Converted element name(s) from "SW[9]" to "SW9"
    Warning (275081): Converted element name(s) from "SW[8..7]" to "SW8..7"
    Warning (275081): Converted element name(s) from "SW[6..0]" to "SW6..0"
    Warning (275081): Converted element name(s) from "SW[17]" to "SW17"
Info (12128): Elaborating entity "IC7447" for hierarchy "IC7447:inst11"
Info (12128): Elaborating entity "bintoBCD" for hierarchy "bintoBCD:inst8"
Warning (10230): Verilog HDL assignment warning at bintoBCD.v(14): truncated value with size 32 to match size of target (4) File: C:/Users/dangn/Documents/education/introduce-to-computing/digital-system-mini-project/main/bintoBCD.v Line: 14
Info (12128): Elaborating entity "countdown" for hierarchy "countdown:inst1"
Warning (10855): Verilog HDL warning at countdown.v(12): initial value for variable prevCLK should be constant File: C:/Users/dangn/Documents/education/introduce-to-computing/digital-system-mini-project/main/countdown.v Line: 12
Warning (10855): Verilog HDL warning at countdown.v(12): initial value for variable prevEnSet should be constant File: C:/Users/dangn/Documents/education/introduce-to-computing/digital-system-mini-project/main/countdown.v Line: 12
Warning (10855): Verilog HDL warning at countdown.v(12): initial value for variable Q should be constant File: C:/Users/dangn/Documents/education/introduce-to-computing/digital-system-mini-project/main/countdown.v Line: 12
Warning (10230): Verilog HDL assignment warning at countdown.v(25): truncated value with size 32 to match size of target (23) File: C:/Users/dangn/Documents/education/introduce-to-computing/digital-system-mini-project/main/countdown.v Line: 25
Warning (10230): Verilog HDL assignment warning at countdown.v(28): truncated value with size 32 to match size of target (2) File: C:/Users/dangn/Documents/education/introduce-to-computing/digital-system-mini-project/main/countdown.v Line: 28
Warning (10230): Verilog HDL assignment warning at countdown.v(32): truncated value with size 32 to match size of target (7) File: C:/Users/dangn/Documents/education/introduce-to-computing/digital-system-mini-project/main/countdown.v Line: 32
Warning (10240): Verilog HDL Always Construct warning at countdown.v(22): inferring latch(es) for variable "select", which holds its previous value in one or more paths through the always construct File: C:/Users/dangn/Documents/education/introduce-to-computing/digital-system-mini-project/main/countdown.v Line: 22
Warning (10240): Verilog HDL Always Construct warning at countdown.v(22): inferring latch(es) for variable "counter", which holds its previous value in one or more paths through the always construct File: C:/Users/dangn/Documents/education/introduce-to-computing/digital-system-mini-project/main/countdown.v Line: 22
Warning (10240): Verilog HDL Always Construct warning at countdown.v(22): inferring latch(es) for variable "Q", which holds its previous value in one or more paths through the always construct File: C:/Users/dangn/Documents/education/introduce-to-computing/digital-system-mini-project/main/countdown.v Line: 22
Info (10041): Inferred latch for "Q[0]" at countdown.v(37) File: C:/Users/dangn/Documents/education/introduce-to-computing/digital-system-mini-project/main/countdown.v Line: 37
Info (10041): Inferred latch for "Q[1]" at countdown.v(37) File: C:/Users/dangn/Documents/education/introduce-to-computing/digital-system-mini-project/main/countdown.v Line: 37
Info (10041): Inferred latch for "Q[2]" at countdown.v(37) File: C:/Users/dangn/Documents/education/introduce-to-computing/digital-system-mini-project/main/countdown.v Line: 37
Info (10041): Inferred latch for "Q[3]" at countdown.v(37) File: C:/Users/dangn/Documents/education/introduce-to-computing/digital-system-mini-project/main/countdown.v Line: 37
Info (10041): Inferred latch for "Q[4]" at countdown.v(37) File: C:/Users/dangn/Documents/education/introduce-to-computing/digital-system-mini-project/main/countdown.v Line: 37
Info (10041): Inferred latch for "Q[5]" at countdown.v(37) File: C:/Users/dangn/Documents/education/introduce-to-computing/digital-system-mini-project/main/countdown.v Line: 37
Info (10041): Inferred latch for "Q[6]" at countdown.v(37) File: C:/Users/dangn/Documents/education/introduce-to-computing/digital-system-mini-project/main/countdown.v Line: 37
Info (10041): Inferred latch for "counter[0]" at countdown.v(37) File: C:/Users/dangn/Documents/education/introduce-to-computing/digital-system-mini-project/main/countdown.v Line: 37
Info (10041): Inferred latch for "counter[1]" at countdown.v(37) File: C:/Users/dangn/Documents/education/introduce-to-computing/digital-system-mini-project/main/countdown.v Line: 37
Info (10041): Inferred latch for "counter[2]" at countdown.v(37) File: C:/Users/dangn/Documents/education/introduce-to-computing/digital-system-mini-project/main/countdown.v Line: 37
Info (10041): Inferred latch for "counter[3]" at countdown.v(37) File: C:/Users/dangn/Documents/education/introduce-to-computing/digital-system-mini-project/main/countdown.v Line: 37
Info (10041): Inferred latch for "counter[4]" at countdown.v(37) File: C:/Users/dangn/Documents/education/introduce-to-computing/digital-system-mini-project/main/countdown.v Line: 37
Info (10041): Inferred latch for "counter[5]" at countdown.v(37) File: C:/Users/dangn/Documents/education/introduce-to-computing/digital-system-mini-project/main/countdown.v Line: 37
Info (10041): Inferred latch for "counter[6]" at countdown.v(37) File: C:/Users/dangn/Documents/education/introduce-to-computing/digital-system-mini-project/main/countdown.v Line: 37
Info (10041): Inferred latch for "counter[7]" at countdown.v(37) File: C:/Users/dangn/Documents/education/introduce-to-computing/digital-system-mini-project/main/countdown.v Line: 37
Info (10041): Inferred latch for "counter[8]" at countdown.v(37) File: C:/Users/dangn/Documents/education/introduce-to-computing/digital-system-mini-project/main/countdown.v Line: 37
Info (10041): Inferred latch for "counter[9]" at countdown.v(37) File: C:/Users/dangn/Documents/education/introduce-to-computing/digital-system-mini-project/main/countdown.v Line: 37
Info (10041): Inferred latch for "counter[10]" at countdown.v(37) File: C:/Users/dangn/Documents/education/introduce-to-computing/digital-system-mini-project/main/countdown.v Line: 37
Info (10041): Inferred latch for "counter[11]" at countdown.v(37) File: C:/Users/dangn/Documents/education/introduce-to-computing/digital-system-mini-project/main/countdown.v Line: 37
Info (10041): Inferred latch for "counter[12]" at countdown.v(37) File: C:/Users/dangn/Documents/education/introduce-to-computing/digital-system-mini-project/main/countdown.v Line: 37
Info (10041): Inferred latch for "counter[13]" at countdown.v(37) File: C:/Users/dangn/Documents/education/introduce-to-computing/digital-system-mini-project/main/countdown.v Line: 37
Info (10041): Inferred latch for "counter[14]" at countdown.v(37) File: C:/Users/dangn/Documents/education/introduce-to-computing/digital-system-mini-project/main/countdown.v Line: 37
Info (10041): Inferred latch for "counter[15]" at countdown.v(37) File: C:/Users/dangn/Documents/education/introduce-to-computing/digital-system-mini-project/main/countdown.v Line: 37
Info (10041): Inferred latch for "counter[16]" at countdown.v(37) File: C:/Users/dangn/Documents/education/introduce-to-computing/digital-system-mini-project/main/countdown.v Line: 37
Info (10041): Inferred latch for "counter[17]" at countdown.v(37) File: C:/Users/dangn/Documents/education/introduce-to-computing/digital-system-mini-project/main/countdown.v Line: 37
Info (10041): Inferred latch for "counter[18]" at countdown.v(37) File: C:/Users/dangn/Documents/education/introduce-to-computing/digital-system-mini-project/main/countdown.v Line: 37
Info (10041): Inferred latch for "counter[19]" at countdown.v(37) File: C:/Users/dangn/Documents/education/introduce-to-computing/digital-system-mini-project/main/countdown.v Line: 37
Info (10041): Inferred latch for "counter[20]" at countdown.v(37) File: C:/Users/dangn/Documents/education/introduce-to-computing/digital-system-mini-project/main/countdown.v Line: 37
Info (10041): Inferred latch for "counter[21]" at countdown.v(37) File: C:/Users/dangn/Documents/education/introduce-to-computing/digital-system-mini-project/main/countdown.v Line: 37
Info (10041): Inferred latch for "counter[22]" at countdown.v(37) File: C:/Users/dangn/Documents/education/introduce-to-computing/digital-system-mini-project/main/countdown.v Line: 37
Info (10041): Inferred latch for "select[0]" at countdown.v(37) File: C:/Users/dangn/Documents/education/introduce-to-computing/digital-system-mini-project/main/countdown.v Line: 37
Info (10041): Inferred latch for "select[1]" at countdown.v(37) File: C:/Users/dangn/Documents/education/introduce-to-computing/digital-system-mini-project/main/countdown.v Line: 37
Info (12128): Elaborating entity "Time" for hierarchy "Time:inst"
Warning (10270): Verilog HDL Case Statement warning at Time.v(16): incomplete case statement has no default case item File: C:/Users/dangn/Documents/education/introduce-to-computing/digital-system-mini-project/main/Time.v Line: 16
Warning (10240): Verilog HDL Always Construct warning at Time.v(16): inferring latch(es) for variable "tG", which holds its previous value in one or more paths through the always construct File: C:/Users/dangn/Documents/education/introduce-to-computing/digital-system-mini-project/main/Time.v Line: 16
Warning (10240): Verilog HDL Always Construct warning at Time.v(16): inferring latch(es) for variable "Q", which holds its previous value in one or more paths through the always construct File: C:/Users/dangn/Documents/education/introduce-to-computing/digital-system-mini-project/main/Time.v Line: 16
Warning (10240): Verilog HDL Always Construct warning at Time.v(16): inferring latch(es) for variable "tY", which holds its previous value in one or more paths through the always construct File: C:/Users/dangn/Documents/education/introduce-to-computing/digital-system-mini-project/main/Time.v Line: 16
Warning (10240): Verilog HDL Always Construct warning at Time.v(16): inferring latch(es) for variable "tR", which holds its previous value in one or more paths through the always construct File: C:/Users/dangn/Documents/education/introduce-to-computing/digital-system-mini-project/main/Time.v Line: 16
Info (10041): Inferred latch for "tR[0]" at Time.v(16) File: C:/Users/dangn/Documents/education/introduce-to-computing/digital-system-mini-project/main/Time.v Line: 16
Info (10041): Inferred latch for "tR[1]" at Time.v(16) File: C:/Users/dangn/Documents/education/introduce-to-computing/digital-system-mini-project/main/Time.v Line: 16
Info (10041): Inferred latch for "tR[2]" at Time.v(16) File: C:/Users/dangn/Documents/education/introduce-to-computing/digital-system-mini-project/main/Time.v Line: 16
Info (10041): Inferred latch for "tR[3]" at Time.v(16) File: C:/Users/dangn/Documents/education/introduce-to-computing/digital-system-mini-project/main/Time.v Line: 16
Info (10041): Inferred latch for "tR[4]" at Time.v(16) File: C:/Users/dangn/Documents/education/introduce-to-computing/digital-system-mini-project/main/Time.v Line: 16
Info (10041): Inferred latch for "tR[5]" at Time.v(16) File: C:/Users/dangn/Documents/education/introduce-to-computing/digital-system-mini-project/main/Time.v Line: 16
Info (10041): Inferred latch for "tR[6]" at Time.v(16) File: C:/Users/dangn/Documents/education/introduce-to-computing/digital-system-mini-project/main/Time.v Line: 16
Info (10041): Inferred latch for "tY[0]" at Time.v(16) File: C:/Users/dangn/Documents/education/introduce-to-computing/digital-system-mini-project/main/Time.v Line: 16
Info (10041): Inferred latch for "tY[1]" at Time.v(16) File: C:/Users/dangn/Documents/education/introduce-to-computing/digital-system-mini-project/main/Time.v Line: 16
Info (10041): Inferred latch for "tY[2]" at Time.v(16) File: C:/Users/dangn/Documents/education/introduce-to-computing/digital-system-mini-project/main/Time.v Line: 16
Info (10041): Inferred latch for "tY[3]" at Time.v(16) File: C:/Users/dangn/Documents/education/introduce-to-computing/digital-system-mini-project/main/Time.v Line: 16
Info (10041): Inferred latch for "tY[4]" at Time.v(16) File: C:/Users/dangn/Documents/education/introduce-to-computing/digital-system-mini-project/main/Time.v Line: 16
Info (10041): Inferred latch for "tY[5]" at Time.v(16) File: C:/Users/dangn/Documents/education/introduce-to-computing/digital-system-mini-project/main/Time.v Line: 16
Info (10041): Inferred latch for "tY[6]" at Time.v(16) File: C:/Users/dangn/Documents/education/introduce-to-computing/digital-system-mini-project/main/Time.v Line: 16
Info (10041): Inferred latch for "Q[0]" at Time.v(16) File: C:/Users/dangn/Documents/education/introduce-to-computing/digital-system-mini-project/main/Time.v Line: 16
Info (10041): Inferred latch for "Q[1]" at Time.v(16) File: C:/Users/dangn/Documents/education/introduce-to-computing/digital-system-mini-project/main/Time.v Line: 16
Info (10041): Inferred latch for "Q[2]" at Time.v(16) File: C:/Users/dangn/Documents/education/introduce-to-computing/digital-system-mini-project/main/Time.v Line: 16
Info (10041): Inferred latch for "Q[3]" at Time.v(16) File: C:/Users/dangn/Documents/education/introduce-to-computing/digital-system-mini-project/main/Time.v Line: 16
Info (10041): Inferred latch for "Q[4]" at Time.v(16) File: C:/Users/dangn/Documents/education/introduce-to-computing/digital-system-mini-project/main/Time.v Line: 16
Info (10041): Inferred latch for "Q[5]" at Time.v(16) File: C:/Users/dangn/Documents/education/introduce-to-computing/digital-system-mini-project/main/Time.v Line: 16
Info (10041): Inferred latch for "Q[6]" at Time.v(16) File: C:/Users/dangn/Documents/education/introduce-to-computing/digital-system-mini-project/main/Time.v Line: 16
Info (10041): Inferred latch for "tG[0]" at Time.v(16) File: C:/Users/dangn/Documents/education/introduce-to-computing/digital-system-mini-project/main/Time.v Line: 16
Info (10041): Inferred latch for "tG[1]" at Time.v(16) File: C:/Users/dangn/Documents/education/introduce-to-computing/digital-system-mini-project/main/Time.v Line: 16
Info (10041): Inferred latch for "tG[2]" at Time.v(16) File: C:/Users/dangn/Documents/education/introduce-to-computing/digital-system-mini-project/main/Time.v Line: 16
Info (10041): Inferred latch for "tG[3]" at Time.v(16) File: C:/Users/dangn/Documents/education/introduce-to-computing/digital-system-mini-project/main/Time.v Line: 16
Info (10041): Inferred latch for "tG[4]" at Time.v(16) File: C:/Users/dangn/Documents/education/introduce-to-computing/digital-system-mini-project/main/Time.v Line: 16
Info (10041): Inferred latch for "tG[5]" at Time.v(16) File: C:/Users/dangn/Documents/education/introduce-to-computing/digital-system-mini-project/main/Time.v Line: 16
Info (10041): Inferred latch for "tG[6]" at Time.v(16) File: C:/Users/dangn/Documents/education/introduce-to-computing/digital-system-mini-project/main/Time.v Line: 16
Info (12128): Elaborating entity "setTime" for hierarchy "setTime:inst4"
Warning (10855): Verilog HDL warning at setTime.v(10): initial value for variable prevSub should be constant File: C:/Users/dangn/Documents/education/introduce-to-computing/digital-system-mini-project/main/setTime.v Line: 10
Info (12128): Elaborating entity "toLEDR" for hierarchy "toLEDR:inst113"
Warning (13046): Tri-state node(s) do not directly drive top-level pin(s)
    Warning (13048): Converted tri-state node "gdfx_temp0[1]" into a selector File: C:/Users/dangn/Documents/education/introduce-to-computing/digital-system-mini-project/main/Time.v Line: 16
    Warning (13048): Converted tri-state node "gdfx_temp0[0]" into a selector File: C:/Users/dangn/Documents/education/introduce-to-computing/digital-system-mini-project/main/Time.v Line: 16
    Warning (13049): Converted tri-state buffer "setTime:inst4|Dout[6]" feeding internal logic into a wire File: C:/Users/dangn/Documents/education/introduce-to-computing/digital-system-mini-project/main/setTime.v Line: 5
    Warning (13049): Converted tri-state buffer "setTime:inst4|Dout[5]" feeding internal logic into a wire File: C:/Users/dangn/Documents/education/introduce-to-computing/digital-system-mini-project/main/setTime.v Line: 5
    Warning (13049): Converted tri-state buffer "setTime:inst4|Dout[4]" feeding internal logic into a wire File: C:/Users/dangn/Documents/education/introduce-to-computing/digital-system-mini-project/main/setTime.v Line: 5
    Warning (13049): Converted tri-state buffer "setTime:inst4|Dout[3]" feeding internal logic into a wire File: C:/Users/dangn/Documents/education/introduce-to-computing/digital-system-mini-project/main/setTime.v Line: 5
    Warning (13049): Converted tri-state buffer "setTime:inst4|Dout[2]" feeding internal logic into a wire File: C:/Users/dangn/Documents/education/introduce-to-computing/digital-system-mini-project/main/setTime.v Line: 5
    Warning (13049): Converted tri-state buffer "setTime:inst4|Dout[1]" feeding internal logic into a wire File: C:/Users/dangn/Documents/education/introduce-to-computing/digital-system-mini-project/main/setTime.v Line: 5
    Warning (13049): Converted tri-state buffer "setTime:inst4|Dout[0]" feeding internal logic into a wire File: C:/Users/dangn/Documents/education/introduce-to-computing/digital-system-mini-project/main/setTime.v Line: 5
Warning (13024): Output pins are stuck at VCC or GND
    Warning (13410): Pin "HEX0[6]" is stuck at VCC
    Warning (13410): Pin "HEX1[6]" is stuck at VCC
    Warning (13410): Pin "LEDR[1]" is stuck at GND
    Warning (13410): Pin "LEDR[0]" is stuck at GND
Info (286030): Timing-Driven Synthesis is running
Info (144001): Generated suppressed messages file C:/Users/dangn/Documents/education/introduce-to-computing/digital-system-mini-project/main/output_files/project.map.smsg
Info (16010): Generating hard_block partition "hard_block:auto_generated_inst"
    Info (16011): Adding 0 node(s), including 0 DDIO, 0 PLL, 0 transceiver and 0 LCELL
Warning (21074): Design contains 6 input pin(s) that do not drive logic
    Warning (15610): No output dependent on input pin "CLOCK_50"
    Warning (15610): No output dependent on input pin "KEY[0]"
    Warning (15610): No output dependent on input pin "SW6"
    Warning (15610): No output dependent on input pin "SW8"
    Warning (15610): No output dependent on input pin "SW7"
    Warning (15610): No output dependent on input pin "SW9"
Info (21057): Implemented 77 device resources after synthesis - the final resource count might be different
    Info (21058): Implemented 13 input pins
    Info (21059): Implemented 31 output pins
    Info (21061): Implemented 33 logic cells
Info: Quartus Prime Analysis & Synthesis was successful. 0 errors, 45 warnings
    Info: Peak virtual memory: 4840 megabytes
    Info: Processing ended: Fri Aug 17 14:02:00 2018
    Info: Elapsed time: 00:00:14
    Info: Total CPU time (on all processors): 00:00:24


+------------------------------------------+
; Analysis & Synthesis Suppressed Messages ;
+------------------------------------------+
The suppressed messages can be found in C:/Users/dangn/Documents/education/introduce-to-computing/digital-system-mini-project/main/output_files/project.map.smsg.


